Determining if the pthread_create exist failed with the following output:
Change Dir: /home/conilo/Workspace/automodelcar-cic-ipn/build/CMakeFiles/CMakeTmp

Run Build Command:"/usr/bin/make" "cmTC_dfe88/fast"
/usr/bin/make -f CMakeFiles/cmTC_dfe88.dir/build.make CMakeFiles/cmTC_dfe88.dir/build
make[1]: Entering directory '/home/conilo/Workspace/automodelcar-cic-ipn/build/CMakeFiles/CMakeTmp'
Building C object CMakeFiles/cmTC_dfe88.dir/CheckSymbolExists.c.o
/usr/bin/cc     -o CMakeFiles/cmTC_dfe88.dir/CheckSymbolExists.c.o   -c /home/conilo/Workspace/automodelcar-cic-ipn/build/CMakeFiles/CMakeTmp/CheckSymbolExists.c
Linking C executable cmTC_dfe88
/usr/bin/cmake -E cmake_link_script CMakeFiles/cmTC_dfe88.dir/link.txt --verbose=1
/usr/bin/cc       CMakeFiles/cmTC_dfe88.dir/CheckSymbolExists.c.o  -o cmTC_dfe88 -rdynamic 
CMakeFiles/cmTC_dfe88.dir/CheckSymbolExists.c.o: In function `main':
CheckSymbolExists.c:(.text+0x16): undefined reference to `pthread_create'
collect2: error: ld returned 1 exit status
CMakeFiles/cmTC_dfe88.dir/build.make:97: recipe for target 'cmTC_dfe88' failed
make[1]: *** [cmTC_dfe88] Error 1
make[1]: Leaving directory '/home/conilo/Workspace/automodelcar-cic-ipn/build/CMakeFiles/CMakeTmp'
Makefile:126: recipe for target 'cmTC_dfe88/fast' failed
make: *** [cmTC_dfe88/fast] Error 2

File /home/conilo/Workspace/automodelcar-cic-ipn/build/CMakeFiles/CMakeTmp/CheckSymbolExists.c:
/* */
#include <pthread.h>

int main(int argc, char** argv)
{
  (void)argv;
#ifndef pthread_create
  return ((int*)(&pthread_create))[argc];
#else
  (void)argc;
  return 0;
#endif
}

Determining if the function pthread_create exists in the pthreads failed with the following output:
Change Dir: /home/conilo/Workspace/automodelcar-cic-ipn/build/CMakeFiles/CMakeTmp

Run Build Command:"/usr/bin/make" "cmTC_5fdcb/fast"
/usr/bin/make -f CMakeFiles/cmTC_5fdcb.dir/build.make CMakeFiles/cmTC_5fdcb.dir/build
make[1]: Entering directory '/home/conilo/Workspace/automodelcar-cic-ipn/build/CMakeFiles/CMakeTmp'
Building C object CMakeFiles/cmTC_5fdcb.dir/CheckFunctionExists.c.o
/usr/bin/cc    -DCHECK_FUNCTION_EXISTS=pthread_create   -o CMakeFiles/cmTC_5fdcb.dir/CheckFunctionExists.c.o   -c /usr/share/cmake-3.5/Modules/CheckFunctionExists.c
Linking C executable cmTC_5fdcb
/usr/bin/cmake -E cmake_link_script CMakeFiles/cmTC_5fdcb.dir/link.txt --verbose=1
/usr/bin/cc   -DCHECK_FUNCTION_EXISTS=pthread_create    CMakeFiles/cmTC_5fdcb.dir/CheckFunctionExists.c.o  -o cmTC_5fdcb -rdynamic -lpthreads 
/usr/bin/ld: cannot find -lpthreads
collect2: error: ld returned 1 exit status
CMakeFiles/cmTC_5fdcb.dir/build.make:97: recipe for target 'cmTC_5fdcb' failed
make[1]: *** [cmTC_5fdcb] Error 1
make[1]: Leaving directory '/home/conilo/Workspace/automodelcar-cic-ipn/build/CMakeFiles/CMakeTmp'
Makefile:126: recipe for target 'cmTC_5fdcb/fast' failed
make: *** [cmTC_5fdcb/fast] Error 2


